mode: set
github.com/zukrin/versifyr/internal/logging/logging.go:16.35,17.11 1 1
github.com/zukrin/versifyr/internal/logging/logging.go:18.11,19.15 1 1
github.com/zukrin/versifyr/internal/logging/logging.go:20.13,21.17 1 1
github.com/zukrin/versifyr/internal/logging/logging.go:22.12,23.16 1 1
github.com/zukrin/versifyr/internal/logging/logging.go:24.13,25.17 1 1
github.com/zukrin/versifyr/internal/logging/logging.go:27.2,27.18 1 1
github.com/zukrin/versifyr/internal/logging/logging.go:30.44,31.11 1 1
github.com/zukrin/versifyr/internal/logging/logging.go:32.13,33.13 1 1
github.com/zukrin/versifyr/internal/logging/logging.go:34.15,35.15 1 1
github.com/zukrin/versifyr/internal/logging/logging.go:36.14,37.14 1 1
github.com/zukrin/versifyr/internal/logging/logging.go:38.15,39.15 1 1
github.com/zukrin/versifyr/internal/logging/logging.go:41.2,41.12 1 1
github.com/zukrin/versifyr/internal/logging/logging.go:51.26,59.2 7 1
github.com/zukrin/versifyr/internal/logging/logging.go:61.62,62.25 1 1
github.com/zukrin/versifyr/internal/logging/logging.go:62.25,64.3 1 1
github.com/zukrin/versifyr/internal/logging/logging.go:67.61,68.24 1 1
github.com/zukrin/versifyr/internal/logging/logging.go:68.24,70.3 1 1
github.com/zukrin/versifyr/internal/logging/logging.go:73.62,74.25 1 1
github.com/zukrin/versifyr/internal/logging/logging.go:74.25,76.3 1 1
github.com/zukrin/versifyr/internal/logging/logging.go:83.59,86.2 2 1
github.com/zukrin/versifyr/internal/logging/logging.go:92.58,95.2 2 1
github.com/zukrin/versifyr/internal/logging/logging.go:101.57,104.2 2 1
github.com/zukrin/versifyr/internal/configuration/configuration.go:37.39,43.2 5 1
github.com/zukrin/versifyr/internal/configuration/configuration.go:68.38,74.32 6 1
github.com/zukrin/versifyr/internal/configuration/configuration.go:74.32,78.12 4 1
github.com/zukrin/versifyr/internal/configuration/configuration.go:78.12,80.4 1 0
github.com/zukrin/versifyr/internal/configuration/configuration.go:80.9,82.4 1 1
github.com/zukrin/versifyr/internal/configuration/configuration.go:84.2,87.35 4 1
github.com/zukrin/versifyr/internal/configuration/configuration.go:87.35,90.3 2 1
github.com/zukrin/versifyr/internal/configuration/configuration.go:91.2,93.12 3 1
github.com/zukrin/versifyr/internal/configuration/configuration.go:96.73,97.35 1 1
github.com/zukrin/versifyr/internal/configuration/configuration.go:97.35,100.17 3 1
github.com/zukrin/versifyr/internal/configuration/configuration.go:100.17,102.4 1 0
github.com/zukrin/versifyr/internal/configuration/configuration.go:103.3,104.17 2 1
github.com/zukrin/versifyr/internal/configuration/configuration.go:104.17,106.4 1 1
github.com/zukrin/versifyr/internal/configuration/configuration.go:107.3,107.28 1 1
github.com/zukrin/versifyr/internal/configuration/configuration.go:109.2,109.12 1 1
github.com/zukrin/versifyr/internal/configuration/configuration.go:120.34,125.28 5 1
github.com/zukrin/versifyr/internal/configuration/configuration.go:125.28,127.3 1 1
github.com/zukrin/versifyr/internal/configuration/configuration.go:128.2,129.12 2 1
github.com/zukrin/versifyr/internal/configuration/configuration.go:167.27,171.15 3 1
github.com/zukrin/versifyr/internal/configuration/configuration.go:171.15,173.3 1 1
github.com/zukrin/versifyr/internal/configuration/configuration.go:175.2,175.11 1 1
github.com/zukrin/versifyr/internal/configuration/configuration.go:179.70,180.19 1 1
github.com/zukrin/versifyr/internal/configuration/configuration.go:180.19,182.17 2 1
github.com/zukrin/versifyr/internal/configuration/configuration.go:182.17,184.4 1 0
github.com/zukrin/versifyr/internal/configuration/configuration.go:185.8,188.3 2 1
github.com/zukrin/versifyr/internal/configuration/configuration.go:190.2,190.19 1 1
github.com/zukrin/versifyr/internal/configuration/configuration.go:190.19,192.17 2 1
github.com/zukrin/versifyr/internal/configuration/configuration.go:192.17,194.4 1 0
github.com/zukrin/versifyr/internal/configuration/configuration.go:195.3,198.13 3 1
github.com/zukrin/versifyr/internal/configuration/configuration.go:199.8,205.3 4 1
github.com/zukrin/versifyr/internal/configuration/configuration.go:209.33,216.16 5 1
github.com/zukrin/versifyr/internal/configuration/configuration.go:216.16,218.3 1 1
github.com/zukrin/versifyr/internal/configuration/configuration.go:220.2,221.16 2 1
github.com/zukrin/versifyr/internal/configuration/configuration.go:221.16,223.3 1 0
github.com/zukrin/versifyr/internal/configuration/configuration.go:225.2,225.12 1 1
github.com/zukrin/versifyr/internal/configuration/configuration.go:228.75,230.28 1 1
github.com/zukrin/versifyr/internal/configuration/configuration.go:230.28,236.17 4 1
github.com/zukrin/versifyr/internal/configuration/configuration.go:236.17,238.4 1 1
github.com/zukrin/versifyr/internal/configuration/configuration.go:240.3,246.27 4 1
github.com/zukrin/versifyr/internal/configuration/configuration.go:246.27,249.34 1 1
github.com/zukrin/versifyr/internal/configuration/configuration.go:249.34,253.19 3 1
github.com/zukrin/versifyr/internal/configuration/configuration.go:253.19,255.6 1 0
github.com/zukrin/versifyr/internal/configuration/configuration.go:257.5,262.48 2 1
github.com/zukrin/versifyr/internal/configuration/configuration.go:265.9,269.28 1 1
github.com/zukrin/versifyr/internal/configuration/configuration.go:269.28,270.63 1 1
github.com/zukrin/versifyr/internal/configuration/configuration.go:270.63,272.55 2 1
github.com/zukrin/versifyr/internal/configuration/configuration.go:272.55,274.7 1 1
github.com/zukrin/versifyr/internal/configuration/configuration.go:275.6,278.20 3 1
github.com/zukrin/versifyr/internal/configuration/configuration.go:278.20,280.7 1 1
github.com/zukrin/versifyr/internal/configuration/configuration.go:281.6,288.49 3 1
github.com/zukrin/versifyr/internal/configuration/configuration.go:294.2,294.15 1 1
github.com/zukrin/versifyr/internal/command/init.go:27.38,33.16 4 1
github.com/zukrin/versifyr/internal/command/init.go:33.16,36.3 2 1
github.com/zukrin/versifyr/internal/command/init.go:39.2,40.12 2 1
github.com/zukrin/versifyr/internal/command/set.go:44.37,51.28 4 1
github.com/zukrin/versifyr/internal/command/set.go:51.28,53.3 1 1
github.com/zukrin/versifyr/internal/command/set.go:55.2,58.40 2 1
github.com/zukrin/versifyr/internal/command/set.go:58.40,60.20 2 1
github.com/zukrin/versifyr/internal/command/set.go:60.20,62.4 1 1
github.com/zukrin/versifyr/internal/command/set.go:63.3,63.30 1 1
github.com/zukrin/versifyr/internal/command/set.go:67.2,73.33 4 1
github.com/zukrin/versifyr/internal/command/set.go:73.33,82.17 5 1
github.com/zukrin/versifyr/internal/command/set.go:82.17,85.4 2 0
github.com/zukrin/versifyr/internal/command/set.go:87.3,87.39 1 1
github.com/zukrin/versifyr/internal/command/set.go:87.39,89.4 1 1
github.com/zukrin/versifyr/internal/command/set.go:91.3,91.36 1 1
github.com/zukrin/versifyr/internal/command/set.go:95.2,95.18 1 1
github.com/zukrin/versifyr/internal/command/set.go:95.18,97.3 1 0
github.com/zukrin/versifyr/internal/command/set.go:99.2,102.32 3 1
github.com/zukrin/versifyr/internal/command/set.go:102.32,107.35 4 1
github.com/zukrin/versifyr/internal/command/set.go:107.35,109.29 2 1
github.com/zukrin/versifyr/internal/command/set.go:109.29,111.5 1 1
github.com/zukrin/versifyr/internal/command/set.go:113.3,116.20 3 1
github.com/zukrin/versifyr/internal/command/set.go:116.20,118.18 2 1
github.com/zukrin/versifyr/internal/command/set.go:118.18,120.5 1 0
github.com/zukrin/versifyr/internal/command/set.go:121.4,124.18 3 1
github.com/zukrin/versifyr/internal/command/set.go:124.18,126.5 1 0
github.com/zukrin/versifyr/internal/command/set.go:127.4,127.63 1 1
github.com/zukrin/versifyr/internal/command/set.go:132.2,137.27 4 1
github.com/zukrin/versifyr/internal/command/set.go:137.27,139.3 1 0
github.com/zukrin/versifyr/internal/command/set.go:141.2,141.12 1 1
github.com/zukrin/versifyr/internal/command/set.go:144.73,148.16 2 1
github.com/zukrin/versifyr/internal/command/set.go:148.16,150.3 1 1
github.com/zukrin/versifyr/internal/command/set.go:151.2,162.19 5 1
github.com/zukrin/versifyr/internal/command/set.go:166.40,168.16 2 1
github.com/zukrin/versifyr/internal/command/set.go:168.16,170.3 1 1
github.com/zukrin/versifyr/internal/command/set.go:172.2,173.16 2 0
github.com/zukrin/versifyr/internal/command/set.go:173.16,175.3 1 0
github.com/zukrin/versifyr/internal/command/set.go:177.2,180.55 3 0
github.com/zukrin/versifyr/internal/command/set.go:180.55,182.23 2 0
github.com/zukrin/versifyr/internal/command/set.go:182.23,184.4 1 0
github.com/zukrin/versifyr/internal/command/set.go:185.3,185.13 1 0
github.com/zukrin/versifyr/internal/command/set.go:187.2,187.16 1 0
github.com/zukrin/versifyr/internal/command/set.go:187.16,189.3 1 0
github.com/zukrin/versifyr/internal/command/set.go:191.2,192.23 2 0
github.com/zukrin/versifyr/internal/command/set.go:192.23,194.3 1 0
github.com/zukrin/versifyr/internal/command/set.go:194.8,196.3 1 0
github.com/zukrin/versifyr/internal/command/set.go:201.30,203.2 1 1
github.com/zukrin/versifyr/internal/command/set.go:205.35,207.2 1 1
github.com/zukrin/versifyr/internal/command/set.go:209.40,211.16 2 1
github.com/zukrin/versifyr/internal/command/set.go:211.16,212.13 1 0
github.com/zukrin/versifyr/internal/command/set.go:214.2,215.16 2 1
github.com/zukrin/versifyr/internal/command/set.go:215.16,216.13 1 0
github.com/zukrin/versifyr/internal/command/set.go:218.2,218.24 1 1
github.com/zukrin/versifyr/internal/command/show.go:23.38,30.33 5 1
github.com/zukrin/versifyr/internal/command/show.go:30.33,33.17 3 1
github.com/zukrin/versifyr/internal/command/show.go:33.17,35.4 1 0
github.com/zukrin/versifyr/internal/command/show.go:36.3,38.35 3 1
github.com/zukrin/versifyr/internal/command/show.go:41.2,44.12 3 1
github.com/zukrin/versifyr/cmd/versifyr/versifyr.go:29.13,88.60 2 0
github.com/zukrin/versifyr/cmd/versifyr/versifyr.go:88.60,91.4 2 0
github.com/zukrin/versifyr/cmd/versifyr/versifyr.go:93.54,94.18 1 0
github.com/zukrin/versifyr/cmd/versifyr/versifyr.go:94.18,97.5 2 0
github.com/zukrin/versifyr/cmd/versifyr/versifyr.go:100.77,101.20 1 0
github.com/zukrin/versifyr/cmd/versifyr/versifyr.go:101.20,103.5 1 0
github.com/zukrin/versifyr/cmd/versifyr/versifyr.go:105.4,106.14 2 0
github.com/zukrin/versifyr/cmd/versifyr/versifyr.go:109.41,115.18 4 0
github.com/zukrin/versifyr/cmd/versifyr/versifyr.go:115.18,118.5 2 0
github.com/zukrin/versifyr/cmd/versifyr/versifyr.go:120.4,120.17 1 0
github.com/zukrin/versifyr/cmd/versifyr/versifyr.go:120.17,122.5 1 0
github.com/zukrin/versifyr/cmd/versifyr/versifyr.go:124.4,128.18 4 0
github.com/zukrin/versifyr/cmd/versifyr/versifyr.go:128.18,131.5 2 0
github.com/zukrin/versifyr/cmd/versifyr/versifyr.go:134.4,134.14 1 0
github.com/zukrin/versifyr/cmd/versifyr/versifyr.go:138.2,138.22 1 0
